INFO:sim:172 - Generating IP...
Applying current project options...
Finished applying current project options.
WARNING:sim - A core named 'mult4' already exists in the project. Output
   products for this core may be overwritten.
Resolving generics for 'mult4'...
WARNING:sim - A core named 'mult4' already exists in the project. Output
   products for this core may be overwritten.
Applying external generics to 'mult4'...
Delivering associated files for 'mult4'...
Generating implementation netlist for 'mult4'...
INFO:sim - Pre-processing HDL files for 'mult4'...
Running synthesis for 'mult4'
Running ngcbuild...
Writing VHO instantiation template for 'mult4'...
Writing VHDL behavioral simulation model for 'mult4'...
Delivered 3 files into directory
C:/Users/Opto2/Desktop/tarefa_ipcore/ipcore_dir/tmp/_cg/mult4
Delivered 1 file into directory
C:/Users/Opto2/Desktop/tarefa_ipcore/ipcore_dir/tmp/_cg/mult4
Generating ASY schematic symbol...
INFO:sim:949 - Finished generation of ASY schematic symbol.
Generating SYM schematic symbol for 'mult4'...
Generating metadata file...
Regenerating ISE project file for 'mult4'...
Generating ISE project...
XCO file found: mult4.xco
XMDF file found: mult4_xmdf.tcl
Adding C:/Users/Opto2/Desktop/tarefa_ipcore/ipcore_dir/tmp/_cg/mult4.asy -view
all -origin_type imported
Adding C:/Users/Opto2/Desktop/tarefa_ipcore/ipcore_dir/tmp/_cg/mult4.ngc -view
all -origin_type created
Checking file
"C:/Users/Opto2/Desktop/tarefa_ipcore/ipcore_dir/tmp/_cg/mult4.ngc" for project
device match ...
File "C:/Users/Opto2/Desktop/tarefa_ipcore/ipcore_dir/tmp/_cg/mult4.ngc" device
information matches project device.
Adding C:/Users/Opto2/Desktop/tarefa_ipcore/ipcore_dir/tmp/_cg/mult4.sym -view
all -origin_type imported
Adding C:/Users/Opto2/Desktop/tarefa_ipcore/ipcore_dir/tmp/_cg/mult4.vhd -view
all -origin_type created
INFO:HDLCompiler:1061 - Parsing VHDL file
   "C:/Users/Opto2/Desktop/tarefa_ipcore/ipcore_dir/tmp/_cg/mult4.vhd" into
   library work
INFO:ProjectMgmt - Parsing design hierarchy completed successfully.
Adding C:/Users/Opto2/Desktop/tarefa_ipcore/ipcore_dir/tmp/_cg/mult4.vho -view
all -origin_type imported
INFO:TclTasksC:2116 - The automatic calculation of top has been turned-off.
   Please set the new top explicitly by running the "project set top" command.
   To re-calculate the new top automatically, set the "Auto Implementation Top"
   property to true.
Top level has been set to "/mult4"
Generating README file...
Generating FLIST file...
INFO:sim:948 - Finished FLIST file generation.
Launching README viewer...
Moving files to output directory...
Finished moving files to output directory
Wrote CGP file for project 'mult4'.
