Running: C:\Xilinx\14.5\ISE_DS\ISE\bin\nt64\unwrapped\fuse.exe -intstyle ise -incremental -o C:/Users/Opto2/Dropbox/Curso_de_Extensao_VHDL/Aulas/Aula 9/Material_Aula9/FLOAT_MULTIPLIER/FLOAT_MULTIPLIER_TB_isim_beh.exe -prj C:/Users/Opto2/Dropbox/Curso_de_Extensao_VHDL/Aulas/Aula 9/Material_Aula9/FLOAT_MULTIPLIER/FLOAT_MULTIPLIER_TB_beh.prj work.FLOAT_MULTIPLIER_TB 
ISim P.58f (signature 0x7708f090)
Number of CPUs detected in this system: 4
Turning on mult-threading, number of parallel sub-compilation jobs: 8 
Determining compilation order of HDL files
Parsing VHDL file "C:/Users/Opto2/Dropbox/Curso_de_Extensao_VHDL/Aulas/Aula 9/Material_Aula9/FLOAT_MULTIPLIER/NORM.vhd" into library work
Parsing VHDL file "C:/Users/Opto2/Dropbox/Curso_de_Extensao_VHDL/Aulas/Aula 9/Material_Aula9/FLOAT_MULTIPLIER/ARBITRARY_MULTIPLIER.vhd" into library work
Parsing VHDL file "C:/Users/Opto2/Dropbox/Curso_de_Extensao_VHDL/Aulas/Aula 9/Material_Aula9/FLOAT_MULTIPLIER/FLOAT_MULTIPLIER.vhd" into library work
Parsing VHDL file "C:/Users/Opto2/Dropbox/Curso_de_Extensao_VHDL/Aulas/Aula 9/Material_Aula9/FLOAT_MULTIPLIER/FLOAT_MULTIPLIER_TB.vhd" into library work
Starting static elaboration
Completed static elaboration
Compiling package standard
Compiling package std_logic_1164
Compiling package std_logic_arith
Compiling package std_logic_unsigned
Compiling architecture behavioral of entity NORM [norm_default]
Compiling package std_logic_signed
Compiling package numeric_std
Compiling package textio
Compiling package bip_utils_pkg_v2_0
Compiling package mult_gen_pkg_v11_2
Compiling architecture behavioral of entity mult_gen_v11_2 [\mult_gen_v11_2(0,0,"spartan3e",...]
Compiling architecture arbitrary_multiplier_a of entity ARBITRARY_MULTIPLIER [arbitrary_multiplier_default]
Compiling architecture behavioral of entity FLOAT_MULTIPLIER [float_multiplier_default]
Compiling architecture behavior of entity float_multiplier_tb
Time Resolution for simulation is 1ps.
Waiting for 6 sub-compilation(s) to finish...
Compiled 18 VHDL Units
Built simulation executable C:/Users/Opto2/Dropbox/Curso_de_Extensao_VHDL/Aulas/Aula 9/Material_Aula9/FLOAT_MULTIPLIER/FLOAT_MULTIPLIER_TB_isim_beh.exe
Fuse Memory Usage: 41968 KB
Fuse CPU Usage: 1265 ms
