Running: C:\Xilinx\14.5\ISE_DS\ISE\bin\nt64\unwrapped\fuse.exe -intstyle ise -incremental -o C:/Users/Opto2/Dropbox/Curso de Extensao VHDL/CLEAN/Aula4/tarefa/tarefa_TB_isim_beh.exe -prj C:/Users/Opto2/Dropbox/Curso de Extensao VHDL/CLEAN/Aula4/tarefa/tarefa_TB_beh.prj work.tarefa_TB 
ISim P.58f (signature 0x7708f090)
Number of CPUs detected in this system: 4
Turning on mult-threading, number of parallel sub-compilation jobs: 8 
Determining compilation order of HDL files
Parsing VHDL file "C:/Users/Opto2/Dropbox/Curso de Extensao VHDL/CLEAN/Aula4/tarefa/src/ShiftRegister.vhd" into library work
Parsing VHDL file "C:/Users/Opto2/Dropbox/Curso de Extensao VHDL/CLEAN/Aula4/tarefa/src/counter_pulse.vhd" into library work
Parsing VHDL file "C:/Users/Opto2/Dropbox/Curso de Extensao VHDL/CLEAN/Aula4/tarefa/src/counter_limit.vhd" into library work
Parsing VHDL file "C:/Users/Opto2/Dropbox/Curso de Extensao VHDL/CLEAN/Aula4/tarefa/src/biestavel.vhd" into library work
Parsing VHDL file "C:/Users/Opto2/Dropbox/Curso de Extensao VHDL/CLEAN/Aula4/tarefa/src/tarefa.vhd" into library work
Parsing VHDL file "C:/Users/Opto2/Dropbox/Curso de Extensao VHDL/CLEAN/Aula4/tarefa/src/tarefa_TB.vhd" into library work
Starting static elaboration
Completed static elaboration
Compiling package standard
Compiling package std_logic_1164
Compiling package std_logic_arith
Compiling package std_logic_unsigned
Compiling architecture behavioral of entity counter_pulse [\counter_pulse(4)\]
Compiling architecture behavioral of entity counter_limit [counter_limit_default]
Compiling architecture behavioral of entity biestavel [biestavel_default]
Compiling architecture behavioral of entity ShiftRegister [shiftregister_default]
Compiling architecture behavioral of entity tarefa [tarefa_default]
Compiling architecture behavior of entity tarefa_tb
Time Resolution for simulation is 1ps.
Waiting for 2 sub-compilation(s) to finish...
Compiled 15 VHDL Units
Built simulation executable C:/Users/Opto2/Dropbox/Curso de Extensao VHDL/CLEAN/Aula4/tarefa/tarefa_TB_isim_beh.exe
Fuse Memory Usage: 33448 KB
Fuse CPU Usage: 811 ms
